2020-03-21 00:22:02.631 CAT [24380] ERROR:  syntax error at or near "table" at character 8
2020-03-21 00:22:02.631 CAT [24380] STATEMENT:  update table set score=1 where name="Prime"
2020-03-21 00:22:13.474 CAT [24380] ERROR:  syntax error at or near "table" at character 8
2020-03-21 00:22:13.474 CAT [24380] STATEMENT:  update table users set score=1 where name="Prime"
2020-03-21 00:22:18.991 CAT [24380] ERROR:  column "Prime" does not exist at character 37
2020-03-21 00:22:18.991 CAT [24380] STATEMENT:  update users set score=1 where name="Prime"
2020-03-21 00:36:51.886 CAT [24380] ERROR:  relation "tables" does not exist at character 15
2020-03-21 00:36:51.886 CAT [24380] STATEMENT:  select * from tables
2020-03-21 00:38:22.952 CAT [24380] ERROR:  duplicate key value violates unique constraint "login_name_key"
2020-03-21 00:38:22.952 CAT [24380] DETAIL:  Key (name)=(Naidoo) already exists.
2020-03-21 00:38:22.952 CAT [24380] STATEMENT:  insert into login(secret, name)
	values('9','Naidoo')
2020-03-21 00:45:20.550 CAT [24380] ERROR:  column reference "name" is ambiguous at character 35
2020-03-21 00:45:20.550 CAT [24380] STATEMENT:  select * from users join login on name
2020-03-21 00:47:55.416 CAT [24380] ERROR:  syntax error at or near "delet" at character 1
2020-03-21 00:47:55.416 CAT [24380] STATEMENT:  delet from users where name ='Prime'
2020-03-21 00:49:08.178 CAT [24380] ERROR:  syntax error at or near "table" at character 13
2020-03-21 00:49:08.178 CAT [24380] STATEMENT:  insert into table users(name,age,birthday)
	values('Prime',82,-1982-06-01);
2020-03-21 00:49:52.275 CAT [24380] ERROR:  syntax error at or near "table" at character 8
2020-03-21 00:49:52.275 CAT [24380] STATEMENT:  update table users set score=82 where name='Prime'
2020-03-21 03:57:29.387 CAT [13804] LOG:  using stale statistics instead of current ones because stats collector is not responding
2020-03-21 03:57:41.454 CAT [13016] LOG:  using stale statistics instead of current ones because stats collector is not responding
2020-03-22 18:11:11.913 CAT [23356] LOG:  using stale statistics instead of current ones because stats collector is not responding
2020-03-22 18:11:11.913 CAT [23356] STATEMENT:  /*pga4dash*/
	SELECT 'session_stats' AS chart_name, row_to_json(t) AS chart_data
	FROM (SELECT
	   (SELECT count(*) FROM pg_stat_activity WHERE datname = (SELECT datname FROM pg_database WHERE oid = 13318)) AS "Total",
	   (SELECT count(*) FROM pg_stat_activity WHERE state = 'active' AND datname = (SELECT datname FROM pg_database WHERE oid = 13318))  AS "Active",
	   (SELECT count(*) FROM pg_stat_activity WHERE state = 'idle' AND datname = (SELECT datname FROM pg_database WHERE oid = 13318))  AS "Idle"
	) t
	UNION ALL
	SELECT 'tps_stats' AS chart_name, row_to_json(t) AS chart_data
	FROM (SELECT
	   (SELECT sum(xact_commit) + sum(xact_rollback) FROM pg_stat_database WHERE datname = (SELECT datname FROM pg_database WHERE oid = 13318)) AS "Transactions",
	   (SELECT sum(xact_commit) FROM pg_stat_database WHERE datname = (SELECT datname FROM pg_database WHERE oid = 13318)) AS "Commits",
	   (SELECT sum(xact_rollback) FROM pg_stat_database WHERE datname = (SELECT datname FROM pg_database WHERE oid = 13318)) AS "Rollbacks"
	) t
	UNION ALL
	SELECT 'ti_stats' AS chart_name, row_to_json(t) AS chart_data
	FROM (SELECT
	   (SELECT sum(tup_inserted) FROM pg_stat_database WHERE datname = (SELECT datname FROM pg_database WHERE oid = 13318)) AS "Inserts",
	   (SELECT sum(tup_updated) FROM pg_stat_database WHERE datname = (SELECT datname FROM pg_database WHERE oid = 13318)) AS "Updates",
	   (SELECT sum(tup_deleted) FROM pg_stat_database WHERE datname = (SELECT datname FROM pg_database WHERE oid = 13318)) AS "Deletes"
	) t
	UNION ALL
	SELECT 'to_stats' AS chart_name, row_to_json(t) AS chart_data
	FROM (SELECT
	   (SELECT sum(tup_fetched) FROM pg_stat_database WHERE datname = (SELECT datname FROM pg_database WHERE oid = 13318)) AS "Fetched",
	   (SELECT sum(tup_returned) FROM pg_stat_database WHERE datname = (SELECT datname FROM pg_database WHERE oid = 13318)) AS "Returned"
	) t
	UNION ALL
	SELECT 'bio_stats' AS chart_name, row_to_json(t) AS chart_data
	FROM (SELECT
	   (SELECT sum(blks_read) FROM pg_stat_database WHERE datname = (SELECT datname FROM pg_database WHERE oid = 13318)) AS "Reads",
	   (SELECT sum(blks_hit) FROM pg_stat_database WHERE datname = (SELECT datname FROM pg_database WHERE oid = 13318)) AS "Hits"
	) t
	
2020-03-23 09:45:23.740 CAT [23356] LOG:  using stale statistics instead of current ones because stats collector is not responding
2020-03-23 09:45:23.740 CAT [23356] STATEMENT:  /*pga4dash*/
	SELECT 'session_stats' AS chart_name, row_to_json(t) AS chart_data
	FROM (SELECT
	   (SELECT count(*) FROM pg_stat_activity WHERE datname = (SELECT datname FROM pg_database WHERE oid = 13318)) AS "Total",
	   (SELECT count(*) FROM pg_stat_activity WHERE state = 'active' AND datname = (SELECT datname FROM pg_database WHERE oid = 13318))  AS "Active",
	   (SELECT count(*) FROM pg_stat_activity WHERE state = 'idle' AND datname = (SELECT datname FROM pg_database WHERE oid = 13318))  AS "Idle"
	) t
	UNION ALL
	SELECT 'tps_stats' AS chart_name, row_to_json(t) AS chart_data
	FROM (SELECT
	   (SELECT sum(xact_commit) + sum(xact_rollback) FROM pg_stat_database WHERE datname = (SELECT datname FROM pg_database WHERE oid = 13318)) AS "Transactions",
	   (SELECT sum(xact_commit) FROM pg_stat_database WHERE datname = (SELECT datname FROM pg_database WHERE oid = 13318)) AS "Commits",
	   (SELECT sum(xact_rollback) FROM pg_stat_database WHERE datname = (SELECT datname FROM pg_database WHERE oid = 13318)) AS "Rollbacks"
	) t
	UNION ALL
	SELECT 'ti_stats' AS chart_name, row_to_json(t) AS chart_data
	FROM (SELECT
	   (SELECT sum(tup_inserted) FROM pg_stat_database WHERE datname = (SELECT datname FROM pg_database WHERE oid = 13318)) AS "Inserts",
	   (SELECT sum(tup_updated) FROM pg_stat_database WHERE datname = (SELECT datname FROM pg_database WHERE oid = 13318)) AS "Updates",
	   (SELECT sum(tup_deleted) FROM pg_stat_database WHERE datname = (SELECT datname FROM pg_database WHERE oid = 13318)) AS "Deletes"
	) t
	UNION ALL
	SELECT 'to_stats' AS chart_name, row_to_json(t) AS chart_data
	FROM (SELECT
	   (SELECT sum(tup_fetched) FROM pg_stat_database WHERE datname = (SELECT datname FROM pg_database WHERE oid = 13318)) AS "Fetched",
	   (SELECT sum(tup_returned) FROM pg_stat_database WHERE datname = (SELECT datname FROM pg_database WHERE oid = 13318)) AS "Returned"
	) t
	UNION ALL
	SELECT 'bio_stats' AS chart_name, row_to_json(t) AS chart_data
	FROM (SELECT
	   (SELECT sum(blks_read) FROM pg_stat_database WHERE datname = (SELECT datname FROM pg_database WHERE oid = 13318)) AS "Reads",
	   (SELECT sum(blks_hit) FROM pg_stat_database WHERE datname = (SELECT datname FROM pg_database WHERE oid = 13318)) AS "Hits"
	) t
	
2020-03-23 09:45:24.053 CAT [5152] LOG:  using stale statistics instead of current ones because stats collector is not responding
2020-03-23 13:22:37.655 CAT [13804] LOG:  using stale statistics instead of current ones because stats collector is not responding
2020-03-23 13:25:40.054 CAT [13804] LOG:  using stale statistics instead of current ones because stats collector is not responding
2020-03-23 13:26:45.767 CAT [13804] LOG:  using stale statistics instead of current ones because stats collector is not responding
2020-03-23 13:27:15.768 CAT [13804] LOG:  using stale statistics instead of current ones because stats collector is not responding
2020-03-23 13:30:09.440 CAT [13804] LOG:  using stale statistics instead of current ones because stats collector is not responding
2020-03-23 13:30:39.524 CAT [13804] LOG:  using stale statistics instead of current ones because stats collector is not responding
2020-03-23 13:31:09.590 CAT [13804] LOG:  using stale statistics instead of current ones because stats collector is not responding
2020-03-23 13:35:39.822 CAT [13804] LOG:  using stale statistics instead of current ones because stats collector is not responding
2020-03-23 13:37:10.043 CAT [13804] LOG:  using stale statistics instead of current ones because stats collector is not responding
